Source code:

//----Print Fahrenheit-Celsius table for f = 0, 20, ...., 300.
//-----------------------------------------------------------------------------
#include <stdio.h>
#include <stdlib.h>
//-----------------------------------------------------------------------------
int main(void) {

    int Lower,Upper;
    int Step;
    float Fahrenheit,Celsius;

    Lower = 0;  //----Lower limit of temp table
    Upper = 300;//----Upper limit
    Step = 20;  //----Step size

    Fahrenheit = Lower;
    while (Fahrenheit <= Upper) {
        Celsius = (5.0/9.0) * (Fahrenheit-32);
        printf("%4.0f %6.1f\n",Fahrenheit,Celsius);
        Fahrenheit = Fahrenheit+Step;
    }

    return(EXIT_SUCCESS);
}
//-----------------------------------------------------------------------------

Output:

   0  -17.8
  20   -6.7
  40    4.4
  60   15.6
  80   26.7
 100   37.8
 120   48.9
 140   60.0
 160   71.1
 180   82.2
 200   93.3
 220  104.4
 240  115.6
 260  126.7
 280  137.8
 300  148.9
